* using log directory 'C:/Users/Andrew/Dropbox/CurrentProjects/Wollongong/pkgs/sparseinv/sparseinv.Rcheck'
* using R version 3.4.0 (2017-04-21)
* using platform: x86_64-w64-mingw32 (64-bit)
* using session charset: ISO8859-1
* using option '--as-cran'
* checking for file 'sparseinv/DESCRIPTION' ... OK
* checking extension type ... Package
* this is package 'sparseinv' version '0.1'
* checking CRAN incoming feasibility ... NOTE
Maintainer: 'Andrew Zammit-Mangion <andrewzm@gmail.com>'

New submission

The Date field is over a month old.
* checking package namespace information ... OK
* checking package dependencies ... OK
* checking if this is a source package ... OK
* checking if there is a namespace ... OK
* checking for executable files ... OK
* checking for hidden files and directories ... NOTE
Found the following hidden files and directories:
  .travis.yml
These were most likely included in error. See section 'Package
structure' in the 'Writing R Extensions' manual.

CRAN-pack does not know about
  .travis.yml
* checking for portable file names ... OK
* checking whether package 'sparseinv' can be installed ... OK
* checking installed package size ... OK
* checking package directory ... OK
* checking DESCRIPTION meta-information ... OK
* checking top-level files ... NOTE
Files 'README.md' or 'NEWS.md' cannot be checked without 'pandoc' being installed.
* checking for left-over files ... OK
* checking index information ... OK
* checking package subdirectories ... OK
* checking R files for non-ASCII characters ... OK
* checking R files for syntax errors ... OK
* loading checks for arch 'i386'
** checking whether the package can be loaded ... OK
** checking whether the package can be loaded with stated dependencies ... OK
** checking whether the package can be unloaded cleanly ... OK
** checking whether the namespace can be loaded with stated dependencies ... OK
** checking whether the namespace can be unloaded cleanly ... OK
** checking loading without being on the library search path ... OK
** checking use of S3 registration ... OK
* loading checks for arch 'x64'
** checking whether the package can be loaded ... OK
** checking whether the package can be loaded with stated dependencies ... OK
** checking whether the package can be unloaded cleanly ... OK
** checking whether the namespace can be loaded with stated dependencies ... OK
** checking whether the namespace can be unloaded cleanly ... OK
** checking loading without being on the library search path ... OK
** checking use of S3 registration ... OK
* checking dependencies in R code ... OK
* checking S3 generic/method consistency ... OK
* checking replacement functions ... OK
* checking foreign function calls ... OK
* checking R code for possible problems ... NOTE
amd_test: no visible global function definition for 'as'
amd_test: no visible global function definition for 'write.table'
cholPermute: no visible global function definition for 'is'
cholPermute: no visible global function definition for 'as'
densify: no visible global function definition for 'as'
Undefined global functions or variables:
  as is write.table
Consider adding
  importFrom("methods", "as", "is")
  importFrom("utils", "write.table")
to your NAMESPACE file (and ensure that your DESCRIPTION Imports field
contains 'methods').
* checking Rd files ... OK
* checking Rd metadata ... OK
* checking Rd line widths ... OK
* checking Rd cross-references ... OK
* checking for missing documentation entries ... OK
* checking for code/documentation mismatches ... OK
* checking Rd \usage sections ... OK
* checking Rd contents ... OK
* checking for unstated dependencies in examples ... OK
* checking line endings in C/C++/Fortran sources/headers ... OK
* checking compiled code ... NOTE
File 'sparseinv/libs/i386/sparseinv.dll':
  Found 'printf', possibly from 'printf' (C)
    Object: 'amd_global.o'
File 'sparseinv/libs/x64/sparseinv.dll':
  Found 'printf', possibly from 'printf' (C)
    Object: 'amd_global.o'

Compiled code should not call entry points which might terminate R nor
write to stdout/stderr instead of to the console, nor the system RNG.

See 'Writing portable packages' in the 'Writing R Extensions' manual.
* checking examples ...
** running examples for arch 'i386' ... OK
** running examples for arch 'x64' ... OK
* checking PDF version of manual ... OK
* DONE
Status: 5 NOTEs
